{"error":{"code":"ECONNRESET","config":{"adapter":["xhr","http","fetch"],"env":{},"headers":{"Accept":"application/json, text/plain, */*","Accept-Encoding":"gzip, compress, deflate, br","User-Agent":"axios/1.7.9"},"maxBodyLength":-1,"maxContentLength":-1,"method":"get","timeout":0,"transformRequest":[null],"transformResponse":[null],"transitional":{"clarifyTimeoutError":false,"forcedJSONParsing":true,"silentJSONParsing":true},"url":"https://nsearchives.nseindia.com/content/equities/EQUITY_L.csv","xsrfCookieName":"XSRF-TOKEN","xsrfHeaderName":"X-XSRF-TOKEN"},"message":"read ECONNRESET","name":"Error","stack":"Error: read ECONNRESET\n    at AxiosError.from (file:///C:/2025-Febuary/stock-predication/server/node_modules/axios/lib/core/AxiosError.js:92:14)\n    at RedirectableRequest.handleRequestError (file:///C:/2025-Febuary/stock-predication/server/node_modules/axios/lib/adapters/http.js:620:25)\n    at RedirectableRequest.emit (node:events:524:28)\n    at eventHandlers.<computed> (C:\\2025-Febuary\\stock-predication\\server\\node_modules\\follow-redirects\\index.js:49:24)\n    at ClientRequest.emit (node:events:524:28)\n    at emitErrorEvent (node:_http_client:104:11)\n    at TLSSocket.socketErrorListener (node:_http_client:518:5)\n    at TLSSocket.emit (node:events:524:28)\n    at emitErrorNT (node:internal/streams/destroy:170:8)\n    at emitErrorCloseNT (node:internal/streams/destroy:129:3)\n    at Axios.request (file:///C:/2025-Febuary/stock-predication/server/node_modules/axios/lib/core/Axios.js:45:41)\n    at process.processTicksAndRejections (node:internal/process/task_queues:105:5)\n    at async file:///C:/2025-Febuary/stock-predication/server/dist/controllers/factoryController.js:9:22\n    at async file:///C:/2025-Febuary/stock-predication/server/dist/utils/asyncHandler.js:10:13"},"level":"error","message":"Request processing error","method":"POST","path":"/add-stocks","timestamp":"2025-02-14T11:31:26.168Z"}
{"level":"info","message":"Sending response 200, message: Stock data stored successfully!","timestamp":"2025-02-14T11:34:14.190Z"}
{"error":{"issues":[{"code":"invalid_string","message":"Invalid uuid","path":["symbol"],"validation":"uuid"}],"name":"ZodError"},"level":"error","message":"Request processing error","method":"GET","path":"/portfolio/20MICRONS","timestamp":"2025-02-14T11:47:29.165Z"}
{"error":{"issues":[{"code":"invalid_string","message":"Invalid uuid","path":["symbol"],"validation":"uuid"}],"name":"ZodError"},"level":"error","message":"Request processing error","method":"GET","path":"/portfolio/20MICRONS","timestamp":"2025-02-14T11:47:40.528Z"}
{"error":{"issues":[{"code":"invalid_string","message":"Invalid uuid","path":["symbol"],"validation":"uuid"}],"name":"ZodError"},"level":"error","message":"Request processing error","method":"GET","path":"/portfolio/20MICRONS","timestamp":"2025-02-14T11:47:42.980Z"}
{"error":{"issues":[{"code":"invalid_string","message":"Invalid uuid","path":["symbol"],"validation":"uuid"}],"name":"ZodError"},"level":"error","message":"Request processing error","method":"GET","path":"/portfolio/20MICRONS","timestamp":"2025-02-14T11:47:47.186Z"}
{"level":"info","message":"Sending response 200, message: Stock data retrieved successfully!","timestamp":"2025-02-14T11:48:11.243Z"}
{"level":"info","message":"Sending response 200, message: Stock data retrieved successfully!","timestamp":"2025-02-14T11:48:47.609Z"}
{"level":"info","message":"Sending response 200, message: Stock data retrieved successfully!","timestamp":"2025-02-14T11:49:01.442Z"}
{"level":"info","message":"Sending response 200, message: Stock data retrieved successfully!","timestamp":"2025-02-14T11:49:35.883Z"}
{"level":"info","message":"Sending response 200, message: Stock data retrieved successfully!","timestamp":"2025-02-14T11:49:58.641Z"}
{"error":{},"level":"error","message":"Request processing error","method":"GET","path":"/stock-data/ZEEL.NS","timestamp":"2025-02-14T11:50:20.720Z"}
{"level":"info","message":"Sending response 200, message: Stock data retrieved successfully!","timestamp":"2025-02-14T11:50:25.324Z"}
{"level":"info","message":"Sending response 200, message: Stock data retrieved successfully!","timestamp":"2025-02-14T11:57:18.579Z"}
{"level":"info","message":"Sending response 200, message: Stock data retrieved successfully!","timestamp":"2025-02-14T11:58:01.159Z"}
{"level":"info","message":"Sending response 200, message: Stock data retrieved successfully!","timestamp":"2025-02-14T11:58:05.209Z"}
{"level":"info","message":"Sending response 200, message: Stock data retrieved successfully!","timestamp":"2025-02-14T11:58:07.004Z"}
{"level":"info","message":"Sending response 200, message: Stock data retrieved successfully!","timestamp":"2025-02-14T11:58:21.521Z"}
{"level":"info","message":"Sending response 200, message: Stock data retrieved successfully!","timestamp":"2025-02-14T11:58:46.937Z"}
{"level":"info","message":"Sending response 200, message: Stock data retrieved successfully!","timestamp":"2025-02-14T12:01:35.525Z"}
{"level":"info","message":"Sending response 200, message: Stock data retrieved successfully!","timestamp":"2025-02-14T12:02:13.983Z"}
{"level":"info","message":"Sending response 200, message: Stock data retrieved successfully!","timestamp":"2025-02-14T12:06:00.798Z"}
{"error":{"name":"InvalidOptionsError"},"level":"error","message":"Request processing error","method":"GET","path":"/historical-data/SBIN","timestamp":"2025-02-14T12:06:04.779Z"}
{"error":{},"level":"error","message":"Request processing error","method":"GET","path":"/historical-data/SBIN","timestamp":"2025-02-14T12:06:40.832Z"}
{"error":{},"level":"error","message":"Request processing error","method":"GET","path":"/historical-data/SBIN","timestamp":"2025-02-14T12:06:43.314Z"}
{"error":{"name":"InvalidOptionsError"},"level":"error","message":"Request processing error","method":"GET","path":"/historical-data/SBIN","timestamp":"2025-02-14T12:06:58.920Z"}
